#-----------------------------------------------------------
# Webtalk v2018.3 (64-bit)
# SW Build 2405991 on Thu Dec  6 23:38:27 MST 2018
# 
# Start of session at: Mon Jul 22 05:42:19 2024
# Process ID: 4820
# Current directory: C:/Users/51721/Desktop/git_CNN_OV5640_hdmi_panda_DMA/OV5640_hdmi_panda.sdk/webtalk
# Command line: wbtcv.exe -mode batch -source sdk_webtalk.tcl
# Log file: C:/Users/51721/Desktop/git_CNN_OV5640_hdmi_panda_DMA/OV5640_hdmi_panda.sdk/webtalk/webtalk.log
# Journal file: C:/Users/51721/Desktop/git_CNN_OV5640_hdmi_panda_DMA/OV5640_hdmi_panda.sdk/webtalk\webtalk.jou
#-----------------------------------------------------------
source sdk_webtalk.tcl
# webtalk_init -webtalk_dir C:\\Users\\51721\\Desktop\\git_CNN_OV5640_hdmi_panda_DMA\\OV5640_hdmi_panda.sdk\\webtalk
# webtalk_register_client -client project
# webtalk_add_data -client project -key date_generated -value "2024-07-22 05:42:17" -context "software_version_and_target_device"
# webtalk_add_data -client project -key product_version -value "SDK v2018.3" -context "software_version_and_target_device"
# webtalk_add_data -client project -key build_version -value "2018.3" -context "software_version_and_target_device"
# webtalk_add_data -client project -key os_platform -value "amd64" -context "software_version_and_target_device"
# webtalk_add_data -client project -key registration_id -value "" -context "software_version_and_target_device"
# webtalk_add_data -client project -key tool_flow -value "SDK" -context "software_version_and_target_device"
# webtalk_add_data -client project -key beta -value "false" -context "software_version_and_target_device"
# webtalk_add_data -client project -key route_design -value "NA" -context "software_version_and_target_device"
# webtalk_add_data -client project -key target_family -value "NA" -context "software_version_and_target_device"
# webtalk_add_data -client project -key target_device -value "NA" -context "software_version_and_target_device"
# webtalk_add_data -client project -key target_package -value "NA" -context "software_version_and_target_device"
# webtalk_add_data -client project -key target_speed -value "NA" -context "software_version_and_target_device"
# webtalk_add_data -client project -key random_id -value "ss5424iapr7n3b0ncv4p442hib" -context "software_version_and_target_device"
# webtalk_add_data -client project -key project_id -value "2018.3_82" -context "software_version_and_target_device"
# webtalk_add_data -client project -key project_iteration -value "82" -context "software_version_and_target_device"
# webtalk_add_data -client project -key os_name -value "Microsoft Windows 8 or later , 64-bit" -context "user_environment"
# webtalk_add_data -client project -key os_release -value "major release  (build 9200)" -context "user_environment"
# webtalk_add_data -client project -key cpu_name -value "AMD Ryzen 5 5600U with Radeon Graphics         " -context "user_environment"
# webtalk_add_data -client project -key cpu_speed -value "2296 MHz" -context "user_environment"
# webtalk_add_data -client project -key total_processors -value "2" -context "user_environment"
# webtalk_add_data -client project -key system_ram -value "14.877 GB" -context "user_environment"
# webtalk_register_client -client sdk
# webtalk_add_data -client sdk -key uid -value "1721597705345" -context "sdk\\\\hardware/1721597705345"
# webtalk_add_data -client sdk -key isZynq -value "true" -context "sdk\\\\hardware/1721597705345"
# webtalk_add_data -client sdk -key isZynqMP -value "false" -context "sdk\\\\hardware/1721597705345"
# webtalk_add_data -client sdk -key Processors -value "2" -context "sdk\\\\hardware/1721597705345"
# webtalk_add_data -client sdk -key VivadoVersion -value "2018.3" -context "sdk\\\\hardware/1721597705345"
# webtalk_add_data -client sdk -key Arch -value "zynq" -context "sdk\\\\hardware/1721597705345"
# webtalk_add_data -client sdk -key Device -value "7z010" -context "sdk\\\\hardware/1721597705345"
# webtalk_add_data -client sdk -key IsHandoff -value "true" -context "sdk\\\\hardware/1721597705345"
# webtalk_add_data -client sdk -key os -value "NA" -context "sdk\\\\hardware/1721597705345"
# webtalk_add_data -client sdk -key apptemplate -value "NA" -context "sdk\\\\hardware/1721597705345"
# webtalk_add_data -client sdk -key RecordType -value "HWCreation" -context "sdk\\\\hardware/1721597705345"
# webtalk_add_data -client sdk -key uid -value "1721597725704" -context "sdk\\\\bsp/1721597725704"
# webtalk_add_data -client sdk -key hwid -value "1721597705345" -context "sdk\\\\bsp/1721597725704"
# webtalk_add_data -client sdk -key os -value "standalone" -context "sdk\\\\bsp/1721597725704"
# webtalk_add_data -client sdk -key apptemplate -value "empty_application" -context "sdk\\\\bsp/1721597725704"
# webtalk_add_data -client sdk -key RecordType -value "BSPCreation" -context "sdk\\\\bsp/1721597725704"
# webtalk_add_data -client sdk -key uid -value "1721597727500" -context "sdk\\\\application/1721597727500"
# webtalk_add_data -client sdk -key hwid -value "1721597705345" -context "sdk\\\\application/1721597727500"
# webtalk_add_data -client sdk -key bspid -value "1721597725704" -context "sdk\\\\application/1721597727500"
# webtalk_add_data -client sdk -key newbsp -value "true" -context "sdk\\\\application/1721597727500"
# webtalk_add_data -client sdk -key os -value "standalone" -context "sdk\\\\application/1721597727500"
# webtalk_add_data -client sdk -key apptemplate -value "empty_application" -context "sdk\\\\application/1721597727500"
# webtalk_add_data -client sdk -key RecordType -value "APPCreation" -context "sdk\\\\application/1721597727500"
# webtalk_add_data -client sdk -key LangUsed -value "C" -context "sdk\\\\application/1721597727500"
# webtalk_add_data -client sdk -key Procused -value "ps7_cortexa9" -context "sdk\\\\application/1721597727500"
# webtalk_add_data -client sdk -key projSize -value "11926.72265625" -context "sdk\\\\application/1721597727500"
# webtalk_add_data -client sdk -key uid -value "NA" -context "sdk\\\\bsp/1721598137903"
# webtalk_add_data -client sdk -key RecordType -value "ToolUsage" -context "sdk\\\\bsp/1721598137903"
# webtalk_add_data -client sdk -key BootgenCount -value "0" -context "sdk\\\\bsp/1721598137903"
# webtalk_add_data -client sdk -key DebugCount -value "1" -context "sdk\\\\bsp/1721598137903"
# webtalk_add_data -client sdk -key PerfCount -value "0" -context "sdk\\\\bsp/1721598137903"
# webtalk_add_data -client sdk -key FlashCount -value "0" -context "sdk\\\\bsp/1721598137903"
# webtalk_add_data -client sdk -key CrossTriggCount -value "0" -context "sdk\\\\bsp/1721598137903"
# webtalk_add_data -client sdk -key QemuDebugCount -value "0" -context "sdk\\\\bsp/1721598137903"
# webtalk_transmit -clientid 3259946550 -regid "" -xml C:\\Users\\51721\\Desktop\\git_CNN_OV5640_hdmi_panda_DMA\\OV5640_hdmi_panda.sdk\\webtalk\\usage_statistics_ext_sdk.xml -html C:\\Users\\51721\\Desktop\\git_CNN_OV5640_hdmi_panda_DMA\\OV5640_hdmi_panda.sdk\\webtalk\\usage_statistics_ext_sdk.html -wdm C:\\Users\\51721\\Desktop\\git_CNN_OV5640_hdmi_panda_DMA\\OV5640_hdmi_panda.sdk\\webtalk\\sdk_webtalk.wdm -intro "<H3>SDK Usage Report</H3><BR>"
# webtalk_terminate
INFO: [Common 17-206] Exiting Webtalk at Mon Jul 22 05:42:23 2024...
