05:35:00 INFO  : Registering command handlers for SDK TCF services
05:35:00 INFO  : Launching XSCT server: xsct.bat -interactive C:\Users\51721\Desktop\git_CNN_OV5640_hdmi_panda_DMA\OV5640_hdmi_panda.sdk\temp_xsdb_launch_script.tcl
05:35:03 INFO  : XSCT server has started successfully.
05:35:03 INFO  : Successfully done setting XSCT server connection channel  
05:35:03 INFO  : Successfully done setting SDK workspace  
05:35:03 INFO  : Processing command line option -hwspec C:/Users/51721/Desktop/git_CNN_OV5640_hdmi_panda_DMA/OV5640_hdmi_panda.sdk/OV5640_hdmi_panda.hdf.
05:41:29 INFO  : Connected to target on host '127.0.0.1' and port '3121'.
05:41:30 INFO  : Jtag cable 'Digilent JTAG-SMT2 210251A08870' is selected.
05:41:30 INFO  : 'jtag frequency' command is executed.
05:41:30 INFO  : Sourcing of 'C:/Users/51721/Desktop/git_CNN_OV5640_hdmi_panda_DMA/OV5640_hdmi_panda.sdk/OV5640_hdmi_panda_hw_platform_0/ps7_init.tcl' is done.
05:41:30 INFO  : Context for 'APU' is selected.
05:41:30 INFO  : System reset is completed.
05:41:33 INFO  : 'after 3000' command is executed.
05:41:33 INFO  : 'targets -set -filter {jtag_cable_name =~ "Digilent JTAG-SMT2 210251A08870" && level==0} -index 1' command is executed.
05:41:34 INFO  : FPGA configured successfully with bitstream "C:/Users/51721/Desktop/git_CNN_OV5640_hdmi_panda_DMA/OV5640_hdmi_panda.sdk/OV5640_hdmi_panda_hw_platform_0/OV5640_hdmi_panda.bit"
05:41:34 INFO  : Context for 'APU' is selected.
05:41:34 INFO  : Hardware design information is loaded from 'C:/Users/51721/Desktop/git_CNN_OV5640_hdmi_panda_DMA/OV5640_hdmi_panda.sdk/OV5640_hdmi_panda_hw_platform_0/system.hdf'.
05:41:34 INFO  : 'configparams force-mem-access 1' command is executed.
05:41:34 INFO  : Context for 'APU' is selected.
05:41:35 INFO  : 'ps7_init' command is executed.
05:41:35 INFO  : 'ps7_post_config' command is executed.
05:41:35 INFO  : Context for processor 'ps7_cortexa9_0' is selected.
05:41:53 INFO  : The application 'C:/Users/51721/Desktop/git_CNN_OV5640_hdmi_panda_DMA/OV5640_hdmi_panda.sdk/CNN/Debug/CNN.elf' is downloaded to processor 'ps7_cortexa9_0'.
05:41:53 INFO  : 'configparams force-mem-access 0' command is executed.
05:41:53 INFO  : ----------------XSDB Script----------------
connect -url tcp:127.0.0.1:3121
source C:/Users/51721/Desktop/git_CNN_OV5640_hdmi_panda_DMA/OV5640_hdmi_panda.sdk/OV5640_hdmi_panda_hw_platform_0/ps7_init.tcl
targets -set -nocase -filter {name =~"APU*" && jtag_cable_name =~ "Digilent JTAG-SMT2 210251A08870"} -index 0
rst -system
after 3000
targets -set -filter {jtag_cable_name =~ "Digilent JTAG-SMT2 210251A08870" && level==0} -index 1
fpga -file C:/Users/51721/Desktop/git_CNN_OV5640_hdmi_panda_DMA/OV5640_hdmi_panda.sdk/OV5640_hdmi_panda_hw_platform_0/OV5640_hdmi_panda.bit
targets -set -nocase -filter {name =~"APU*" && jtag_cable_name =~ "Digilent JTAG-SMT2 210251A08870"} -index 0
loadhw -hw C:/Users/51721/Desktop/git_CNN_OV5640_hdmi_panda_DMA/OV5640_hdmi_panda.sdk/OV5640_hdmi_panda_hw_platform_0/system.hdf -mem-ranges [list {0x40000000 0xbfffffff}]
configparams force-mem-access 1
targets -set -nocase -filter {name =~"APU*" && jtag_cable_name =~ "Digilent JTAG-SMT2 210251A08870"} -index 0
ps7_init
ps7_post_config
targets -set -nocase -filter {name =~ "ARM*#0" && jtag_cable_name =~ "Digilent JTAG-SMT2 210251A08870"} -index 0
dow C:/Users/51721/Desktop/git_CNN_OV5640_hdmi_panda_DMA/OV5640_hdmi_panda.sdk/CNN/Debug/CNN.elf
configparams force-mem-access 0
----------------End of Script----------------

05:41:53 INFO  : Memory regions updated for context APU
05:41:53 INFO  : Context for processor 'ps7_cortexa9_0' is selected.
05:41:53 INFO  : 'con' command is executed.
05:41:53 INFO  : ----------------XSDB Script (After Launch)----------------
targets -set -nocase -filter {name =~ "ARM*#0" && jtag_cable_name =~ "Digilent JTAG-SMT2 210251A08870"} -index 0
con
----------------End of Script----------------

05:41:53 INFO  : Launch script is exported to file 'C:\Users\51721\Desktop\git_CNN_OV5640_hdmi_panda_DMA\OV5640_hdmi_panda.sdk\.sdk\launch_scripts\xilinx_c-c++_application_(system_debugger)\system_debugger_on_local.tcl'
05:42:18 INFO  : Disconnected from the channel tcfchan#1.
